<?xml version="1.0" encoding="UTF-8"?>
<!-- Generated by org.testng.reporters.JUnitXMLReporter -->
<testsuite hostname="INHYD-KONGARAB" ignored="0" name="IGT Control regression Test" tests="6" failures="3" timestamp="22 May 2020 11:46:29 GMT" time="711.008" errors="0">
  <testcase name="verifyLinksTest" time="7.961" classname="com.qa.control.tests.HomePageTest"/>
  <testcase name="searchPlayerTest" time="11.5" classname="com.qa.control.tests.PlayersTest">
    <failure type="java.lang.AssertionError" message="No records found expected [1000500024] but found [Player not found]">
      <![CDATA[java.lang.AssertionError: No records found expected [1000500024] but found [Player not found]
at com.qa.control.tests.PlayersTest.searchPlayerTest(PlayersTest.java:80)
... Removed 33 stack frames]]>
    </failure>
  </testcase> <!-- searchPlayerTest -->
  <testcase name="searchPlayerTest" time="205.264" classname="com.qa.control.tests.PlayersTest">
    <failure type="java.lang.NullPointerException">
      <![CDATA[java.lang.NullPointerException
at com.qa.control.util.JavaScriptUtil.flash(JavaScriptUtil.java:17)
at com.qa.control.util.ElementActions.clickOnElement(ElementActions.java:64)
at com.qa.control.pages.PlayersPage.playerSearch(PlayersPage.java:80)
at com.qa.control.tests.PlayersTest.searchPlayerTest(PlayersTest.java:79)
... Removed 28 stack frames]]>
    </failure>
  </testcase> <!-- searchPlayerTest -->
  <testcase name="searchPlayerTest" time="205.001" classname="com.qa.control.tests.PlayersTest">
    <failure type="java.lang.NullPointerException">
      <![CDATA[java.lang.NullPointerException
at com.qa.control.util.JavaScriptUtil.flash(JavaScriptUtil.java:17)
at com.qa.control.util.ElementActions.clickOnElement(ElementActions.java:64)
at com.qa.control.pages.PlayersPage.playerSearch(PlayersPage.java:80)
at com.qa.control.tests.PlayersTest.searchPlayerTest(PlayersTest.java:79)
... Removed 28 stack frames]]>
    </failure>
  </testcase> <!-- searchPlayerTest -->
  <testcase name="verifyLoginPageTitleTest" time="0.014" classname="com.qa.control.tests.LoginTest"/>
  <testcase name="loginTest" time="66.827" classname="com.qa.control.tests.LoginTest"/>
</testsuite> <!-- IGT Control regression Test -->
