<?xml version="1.0" encoding="UTF-8"?>
<!-- Generated by org.testng.reporters.JUnitXMLReporter -->
<testsuite hostname="INHYD-KONGARAB" ignored="0" name="IGT Control Regression Test3" tests="5" failures="2" timestamp="08 Aug 2020 10:14:48 GMT" time="243.125" errors="0">
  <testcase name="searchPlayerTest" time="11.003" classname="com.qa.control.tests.PlayersTest">
    <failure type="java.lang.AssertionError" message="No records found expected [1000600015] but found [Player not found]">
      <![CDATA[java.lang.AssertionError: No records found expected [1000600015] but found [Player not found]
at com.qa.control.tests.PlayersTest.searchPlayerTest(PlayersTest.java:84)
... Removed 33 stack frames]]>
    </failure>
  </testcase> <!-- searchPlayerTest -->
  <testcase name="searchPlayerTest" time="11.025" classname="com.qa.control.tests.PlayersTest">
    <failure type="java.lang.AssertionError" message="No records found expected [1000050002] but found [Player not found]">
      <![CDATA[java.lang.AssertionError: No records found expected [1000050002] but found [Player not found]
at com.qa.control.tests.PlayersTest.searchPlayerTest(PlayersTest.java:84)
... Removed 33 stack frames]]>
    </failure>
  </testcase> <!-- searchPlayerTest -->
  <testcase name="searchPlayerTest" time="44.016" classname="com.qa.control.tests.PlayersTest"/>
  <testcase name="searchPlayerTest" time="44.292" classname="com.qa.control.tests.PlayersTest"/>
  <testcase name="searchPlayerTest" time="43.457" classname="com.qa.control.tests.PlayersTest"/>
</testsuite> <!-- IGT Control Regression Test3 -->
