<?xml version="1.0" encoding="UTF-8"?>
<!-- Generated by org.testng.reporters.JUnitXMLReporter -->
<testsuite hostname="INHYD-KONGARAB" ignored="0" name="IGT Control Regression Test" tests="8" failures="2" timestamp="14 Jul 2020 07:12:31 GMT" time="931.96" errors="0">
  <testcase name="verifyLinksTest" time="7.053" classname="com.qa.control.tests.HomePageTest"/>
  <testcase name="searchPlayerTest" time="10.773" classname="com.qa.control.tests.PlayersTest">
    <failure type="java.lang.AssertionError" message="No records found expected [1000600015] but found [Player not found]">
      <![CDATA[java.lang.AssertionError: No records found expected [1000600015] but found [Player not found]
at com.qa.control.tests.PlayersTest.searchPlayerTest(PlayersTest.java:78)
at java.util.concurrent.ThreadPoolExecutor.runWorker(Unknown Source)
at java.util.concurrent.ThreadPoolExecutor$Worker.run(Unknown Source)
at java.lang.Thread.run(Unknown Source)
... Removed 15 stack frames]]>
    </failure>
  </testcase> <!-- searchPlayerTest -->
  <testcase name="searchPlayerTest" time="10.697" classname="com.qa.control.tests.PlayersTest">
    <failure type="java.lang.AssertionError" message="No records found expected [1000050002] but found [Player not found]">
      <![CDATA[java.lang.AssertionError: No records found expected [1000050002] but found [Player not found]
at com.qa.control.tests.PlayersTest.searchPlayerTest(PlayersTest.java:78)
at java.util.concurrent.ThreadPoolExecutor.runWorker(Unknown Source)
at java.util.concurrent.ThreadPoolExecutor$Worker.run(Unknown Source)
at java.lang.Thread.run(Unknown Source)
... Removed 15 stack frames]]>
    </failure>
  </testcase> <!-- searchPlayerTest -->
  <testcase name="searchPlayerTest" time="122.799" classname="com.qa.control.tests.PlayersTest"/>
  <testcase name="searchPlayerTest" time="123.222" classname="com.qa.control.tests.PlayersTest"/>
  <testcase name="searchPlayerTest" time="122.719" classname="com.qa.control.tests.PlayersTest"/>
  <testcase name="verifyLoginPageTitleTest" time="0.011" classname="com.qa.control.tests.LoginTest"/>
  <testcase name="loginTest" time="57.999" classname="com.qa.control.tests.LoginTest"/>
</testsuite> <!-- IGT Control Regression Test -->
