<?xml version="1.0" encoding="UTF-8"?>
<testsuite xmlns:xsi="http://www.w3.org/2001/XMLSchema-instance" xsi:noNamespaceSchemaLocation="https://maven.apache.org/surefire/maven-surefire-plugin/xsd/surefire-test-report.xsd" name="TestSuite" time="394.148" tests="8" errors="0" skipped="0" failures="2">
  <properties>
[...]
</properties>
  <testcase name="verifyLoginPageTitleTest" classname="com.qa.control.tests.LoginTest" time="0.066"/>
  <testcase name="loginTest" classname="com.qa.control.tests.LoginTest" time="53.396"/>
  <testcase name="verifyLinksTest" classname="com.qa.control.tests.HomePageTest" time="7.519"/>
  <testcase name="searchPlayerTest" classname="com.qa.control.tests.PlayersTest" time="11.011">
    <failure message="No records found expected [1000600015] but found [Player not found]" type="java.lang.AssertionError">java.lang.AssertionError: No records found expected [1000600015] but found [Player not found]
	at com.qa.control.tests.PlayersTest.searchPlayerTest(PlayersTest.java:84)
</failure>
    <system-out><![CDATA[verifyLinksTest passed!
I am in onTestSuccess method verifyLinksTest succeed
Test Suite is ending!
I am in onFinish method IGT Control Regression Test2
Test Suite started!
I am in onStart method IGT Control Regression Test3
searchPlayerTest started!
I am in onTestStart method searchPlayerTest start
]]></system-out>
    <system-err><![CDATA[ChromeDriver was started successfully.
Aug 08, 2020 3:40:48 PM org.openqa.selenium.remote.ProtocolHandshake createSession
INFO: Detected dialect: W3C
]]></system-err>
  </testcase>
  <testcase name="searchPlayerTest" classname="com.qa.control.tests.PlayersTest" time="11.025">
    <failure message="No records found expected [1000050002] but found [Player not found]" type="java.lang.AssertionError">java.lang.AssertionError: No records found expected [1000050002] but found [Player not found]
	at com.qa.control.tests.PlayersTest.searchPlayerTest(PlayersTest.java:84)
</failure>
    <system-out><![CDATA[searchPlayerTest failed!
I am in onTestFailure method searchPlayerTest failed
Screenshot captured for test case:searchPlayerTest
searchPlayerTest started!
I am in onTestStart method searchPlayerTest start
]]></system-out>
  </testcase>
  <testcase name="searchPlayerTest" classname="com.qa.control.tests.PlayersTest" time="44.017"/>
  <testcase name="searchPlayerTest" classname="com.qa.control.tests.PlayersTest" time="44.282"/>
  <testcase name="searchPlayerTest" classname="com.qa.control.tests.PlayersTest" time="43.45"/>
</testsuite>