<?xml version="1.0" encoding="UTF-8"?>
<!-- Generated by org.testng.reporters.JUnitXMLReporter -->
<testsuite hostname="INHYD-KONGARAB" ignored="0" name="IGT Control Regression Test - Chrome" tests="2" failures="1" timestamp="16 Jul 2020 09:28:42 GMT" time="0.386" errors="0">
  <testcase name="@BeforeTest setup" time="0.039" classname="com.qa.control.tests.HomePageTest">
    <failure type="java.lang.NullPointerException">
      <![CDATA[java.lang.NullPointerException
at com.qa.control.base.BasePage.initialize_driver(BasePage.java:51)
at com.qa.control.tests.HomePageTest.setup(HomePageTest.java:43)
... Removed 24 stack frames]]>
    </failure>
  </testcase> <!-- @BeforeTest setup -->
  <testcase name="@BeforeTest setup" time="0.0" classname="com.qa.control.tests.LoginTest">
    <skipped/>
  </testcase> <!-- @BeforeTest setup -->
  <testcase name="@BeforeTest setup" time="0.0" classname="com.qa.control.tests.PlayersTest">
    <skipped/>
  </testcase> <!-- @BeforeTest setup -->
  <testcase name="@AfterTest tearDown" time="0.0" classname="com.qa.control.tests.HomePageTest">
    <skipped/>
  </testcase> <!-- @AfterTest tearDown -->
  <testcase name="@AfterTest tearDown" time="0.0" classname="com.qa.control.tests.LoginTest">
    <skipped/>
  </testcase> <!-- @AfterTest tearDown -->
  <testcase name="@AfterTest teardown" time="0.0" classname="com.qa.control.tests.PlayersTest">
    <skipped/>
  </testcase> <!-- @AfterTest teardown -->
  <testcase name="verifyLinksTest" time="0.0" classname="com.qa.control.tests.HomePageTest">
    <skipped/>
  </testcase> <!-- verifyLinksTest -->
  <testcase name="verifyLinksTest" time="0.012" classname="com.qa.control.tests.HomePageTest">
    <failure type="java.lang.NullPointerException">
      <![CDATA[java.lang.NullPointerException
at com.qa.control.base.BasePage.getScreenshot(BasePage.java:78)
at com.qa.control.listeners.ExtentReportListener.onTestSkipped(ExtentReportListener.java:111)
... Removed 23 stack frames]]>
    </failure>
  </testcase> <!-- verifyLinksTest -->
</testsuite> <!-- IGT Control Regression Test - Chrome -->
