<?xml version="1.0" encoding="UTF-8"?>
<!-- Generated by org.testng.reporters.JUnitXMLReporter -->
<testsuite hostname="INHYD-KONGARAB" ignored="0" name="IGT Control Regression Test" tests="8" failures="2" timestamp="16 Jul 2020 10:24:24 GMT" time="669.254" errors="0">
  <testcase name="verifyLinksTest" time="7.258" classname="com.qa.control.tests.HomePageTest"/>
  <testcase name="searchPlayerTest" time="13.217" classname="com.qa.control.tests.PlayersTest">
    <failure type="java.lang.AssertionError" message="No records found expected [1000600015] but found [Player not found]">
      <![CDATA[java.lang.AssertionError: No records found expected [1000600015] but found [Player not found]
at com.qa.control.tests.PlayersTest.searchPlayerTest(PlayersTest.java:82)
... Removed 30 stack frames]]>
    </failure>
  </testcase> <!-- searchPlayerTest -->
  <testcase name="searchPlayerTest" time="10.046" classname="com.qa.control.tests.PlayersTest">
    <failure type="java.lang.AssertionError" message="No records found expected [1000050002] but found [Player not found]">
      <![CDATA[java.lang.AssertionError: No records found expected [1000050002] but found [Player not found]
at com.qa.control.tests.PlayersTest.searchPlayerTest(PlayersTest.java:82)
... Removed 30 stack frames]]>
    </failure>
  </testcase> <!-- searchPlayerTest -->
  <testcase name="searchPlayerTest" time="123.086" classname="com.qa.control.tests.PlayersTest"/>
  <testcase name="searchPlayerTest" time="126.762" classname="com.qa.control.tests.PlayersTest"/>
  <testcase name="searchPlayerTest" time="123.354" classname="com.qa.control.tests.PlayersTest"/>
  <testcase name="verifyLoginPageTitleTest" time="0.012" classname="com.qa.control.tests.LoginTest"/>
  <testcase name="loginTest" time="65.49" classname="com.qa.control.tests.LoginTest"/>
</testsuite> <!-- IGT Control Regression Test -->
